<?xml version="1.0" encoding="UTF-8"?>
<!-- Generated by org.testng.reporters.JUnitReportReporter -->
<testsuite skipped="0" hostname="SRK" name="com.nagarro.testcases.ControlGroupPageTest" tests="2" failures="0" timestamp="2021-05-09T12:33:16 IST" time="5.411" errors="0">
  <testcase name="carSelectMethod" time="3.771" classname="com.nagarro.testcases.ControlGroupPageTest"/>
  <system-out/>
  <testcase name="verifyControlGroupPageTitleTest" time="1.640" classname="com.nagarro.testcases.ControlGroupPageTest"/>
  <system-out/>
</testsuite> <!-- com.nagarro.testcases.ControlGroupPageTest -->
