<?xml version="1.0" encoding="UTF-8"?>
<!-- Generated by org.testng.reporters.JUnitReportReporter -->
<testsuite skipped="0" hostname="SRK" name="com.nagarro.testcases.DroppableTest" tests="2" failures="0" timestamp="2021-05-08T18:40:53 IST" time="2.395" errors="0">
  <testcase name="verifyDroppablePageTitleTest" time="0.262" classname="com.nagarro.testcases.DroppableTest"/>
  <system-out/>
  <testcase name="verifyDroppableTest" time="2.133" classname="com.nagarro.testcases.DroppableTest"/>
  <system-out/>
</testsuite> <!-- com.nagarro.testcases.DroppableTest -->
