<?xml version="1.0" encoding="UTF-8"?>
<!-- Generated by org.testng.reporters.JUnitReportReporter -->
<testsuite skipped="0" hostname="SRK" name="com.nagarro.testcases.SelectableTest" tests="2" failures="0" timestamp="2021-05-08T20:04:39 IST" time="5.572" errors="0">
  <testcase name="verifySelectablePageTitleTest" time="0.271" classname="com.nagarro.testcases.SelectableTest"/>
  <system-out/>
  <testcase name="verifySelectableTest" time="5.301" classname="com.nagarro.testcases.SelectableTest"/>
  <system-out/>
</testsuite> <!-- com.nagarro.testcases.SelectableTest -->
