<?xml version="1.0" encoding="UTF-8"?>
<!-- Generated by org.testng.reporters.JUnitReportReporter -->
<testsuite skipped="0" hostname="SRK" name="com.nagarro.testcases.ControlGroupPageTest" tests="2" failures="0" timestamp="2021-05-09T12:49:04 IST" time="5.542" errors="0">
  <testcase name="carSelectMethod" time="5.238" classname="com.nagarro.testcases.ControlGroupPageTest"/>
  <system-out/>
  <testcase name="verifyControlGroupPageTitleTest" time="0.304" classname="com.nagarro.testcases.ControlGroupPageTest"/>
  <system-out/>
</testsuite> <!-- com.nagarro.testcases.ControlGroupPageTest -->
